{"ts":1734638936694,"action":"PROJECT_OPENED","tags":{"PROJECT_NAME":"StreamlineMcCloud"}}
{"ts":1734638938865,"action":"IDE_DEACTIVATED"}
{"ts":1734638953082,"action":"IDE_ACTIVATED"}
{"ts":1734638955825,"action":"IDE_DEACTIVATED"}
{"ts":1734638990533,"action":"IDE_ACTIVATED"}
{"ts":1734638993217,"action":"IDE_DEACTIVATED"}
{"ts":1734639016988,"action":"IDE_ACTIVATED"}
{"ts":1734639019383,"action":"IDE_DEACTIVATED"}
{"ts":1734639217026,"action":"IDE_ACTIVATED"}
{"ts":1734639224604,"action":"IDE_DEACTIVATED"}
{"ts":1734639251881,"action":"IDE_ACTIVATED"}
{"ts":1734639257125,"action":"IDE_DEACTIVATED"}
{"ts":1734639269586,"action":"IDE_ACTIVATED"}
{"ts":1734639275942,"action":"IDE_DEACTIVATED"}
{"ts":1734644917136,"action":"IDE_ACTIVATED"}
{"ts":1734644919601,"action":"PROJECT_CLOSED","tags":{"PROJECT_NAME":"StreamlineMcCloud"}}
{"ts":1734688798898,"action":"PROJECT_OPENED","tags":{"PROJECT_NAME":"StreamlineMcCloud"}}
{"ts":1734688805045,"action":"IDE_ACTIVATED"}
{"ts":1734688808766,"action":"IDE_DEACTIVATED"}
{"ts":1734688810860,"action":"IDE_ACTIVATED"}
{"ts":1734688825002,"action":"IDE_DEACTIVATED"}
{"ts":1734688825002,"action":"IDE_ACTIVATED"}
{"ts":1734688825218,"action":"PROJECT_CLOSED","tags":{"PROJECT_NAME":"StreamlineMcCloud"}}
{"ts":1734723316701,"action":"PROJECT_OPENED","tags":{"PROJECT_NAME":"StreamlineMcCloud"}}
{"ts":1734723335310,"action":"FILE_OPENED","file":"/streamlinecloud-mc/src/main/java/io/streamlinemc/mc/VelocitySCP.java","tags":{"FILE_LINE_OF_CODE":"199"}}
{"ts":1734723336831,"action":"IDE_DEACTIVATED"}
{"ts":1734723339094,"action":"IDE_ACTIVATED"}
{"ts":1734723423134,"action":"IDE_DEACTIVATED"}
{"ts":1734723484642,"action":"IDE_ACTIVATED"}
{"ts":1734723489966,"action":"IDE_DEACTIVATED"}
{"ts":1734723571584,"action":"IDE_ACTIVATED"}
{"ts":1734723572870,"action":"IDE_DEACTIVATED"}
{"ts":1734723576578,"action":"IDE_ACTIVATED"}
{"ts":1734723648073,"action":"IDE_DEACTIVATED"}
{"ts":1734723755176,"action":"IDE_ACTIVATED"}
{"ts":1734723758252,"action":"IDE_DEACTIVATED"}
{"ts":1734723806529,"action":"IDE_ACTIVATED"}
{"ts":1734723872434,"action":"IDE_DEACTIVATED"}
{"ts":1734723983466,"action":"IDE_ACTIVATED"}
{"ts":1734723996540,"action":"IDE_DEACTIVATED"}
{"ts":1734724007908,"action":"IDE_ACTIVATED"}
{"ts":1734724014138,"action":"IDE_DEACTIVATED"}
{"ts":1734724015831,"action":"IDE_ACTIVATED"}
{"ts":1734724023430,"action":"IDE_DEACTIVATED"}
{"ts":1734724026808,"action":"IDE_ACTIVATED"}
{"ts":1734724028477,"action":"IDE_DEACTIVATED"}
{"ts":1734724070841,"action":"IDE_ACTIVATED"}
{"ts":1734724172628,"action":"IDE_DEACTIVATED"}
{"ts":1734724217432,"action":"IDE_ACTIVATED"}
{"ts":1734724219544,"action":"IDE_DEACTIVATED"}
{"ts":1734724231073,"action":"IDE_ACTIVATED"}
{"ts":1734724237256,"action":"IDE_DEACTIVATED"}
{"ts":1734724304057,"action":"IDE_ACTIVATED"}
{"ts":1734724307783,"action":"IDE_DEACTIVATED"}
{"ts":1734724309184,"action":"IDE_ACTIVATED"}
{"ts":1734724321845,"action":"IDE_DEACTIVATED"}
{"ts":1734724378447,"action":"IDE_ACTIVATED"}
{"ts":1734724383198,"action":"IDE_DEACTIVATED"}
{"ts":1734724448464,"action":"IDE_ACTIVATED"}
{"ts":1734724449901,"action":"IDE_DEACTIVATED"}
{"ts":1734724561860,"action":"IDE_ACTIVATED"}
{"ts":1734724587651,"action":"IDE_DEACTIVATED"}
{"ts":1734724610621,"action":"IDE_ACTIVATED"}
{"ts":1734724623473,"action":"IDE_DEACTIVATED"}
{"ts":1734724813183,"action":"IDE_ACTIVATED"}
{"ts":1734724825010,"action":"IDE_DEACTIVATED"}
{"ts":1734724907355,"action":"IDE_ACTIVATED"}
{"ts":1734724919550,"action":"IDE_DEACTIVATED"}
{"ts":1734724931711,"action":"IDE_ACTIVATED"}
{"ts":1734724941495,"action":"IDE_DEACTIVATED"}
{"ts":1734724944294,"action":"IDE_ACTIVATED"}
{"ts":1734724953564,"action":"IDE_DEACTIVATED"}
{"ts":1734724954375,"action":"IDE_ACTIVATED"}
{"ts":1734724974552,"action":"IDE_DEACTIVATED"}
{"ts":1734724974553,"action":"IDE_ACTIVATED"}
{"ts":1734724977517,"action":"IDE_DEACTIVATED"}
{"ts":1734724977518,"action":"IDE_ACTIVATED"}
{"ts":1734724980381,"action":"IDE_DEACTIVATED"}
{"ts":1734724980381,"action":"IDE_ACTIVATED"}
{"ts":1734724983924,"action":"IDE_DEACTIVATED"}
{"ts":1734725001516,"action":"IDE_ACTIVATED"}
{"ts":1734725003765,"action":"IDE_DEACTIVATED"}
{"ts":1734725054457,"action":"IDE_ACTIVATED"}
{"ts":1734725055699,"action":"IDE_DEACTIVATED"}
{"ts":1734725055699,"action":"IDE_ACTIVATED"}
{"ts":1734725077023,"action":"IDE_DEACTIVATED"}
{"ts":1734725699457,"action":"IDE_ACTIVATED"}
{"ts":1734725704522,"action":"IDE_DEACTIVATED"}
{"ts":1734726440184,"action":"IDE_ACTIVATED"}
{"ts":1734726442447,"action":"IDE_DEACTIVATED"}
{"ts":1734726560824,"action":"IDE_ACTIVATED"}
{"ts":1734726566841,"action":"IDE_DEACTIVATED"}
{"ts":1734726719634,"action":"IDE_ACTIVATED"}
{"ts":1734726724590,"action":"IDE_DEACTIVATED"}
{"ts":1734733232894,"action":"IDE_ACTIVATED"}
{"ts":1734733234896,"action":"PROJECT_CLOSED","tags":{"PROJECT_NAME":"StreamlineMcCloud"}}
{"ts":1734792250358,"action":"FILE_OPENED","file":"/streamlinecloud-mc/src/main/java/io/streamlinemc/mc/VelocitySCP.java","tags":{"FILE_LINE_OF_CODE":"196"}}
{"ts":1734792250632,"action":"PROJECT_OPENED","tags":{"PROJECT_NAME":"StreamlineMcCloud"}}
{"ts":1734792255293,"action":"IDE_DEACTIVATED"}
{"ts":1734792255294,"action":"IDE_ACTIVATED"}
{"ts":1734792255662,"action":"PROJECT_CLOSED","tags":{"PROJECT_NAME":"StreamlineMcCloud"}}
{"ts":1734804644885,"action":"FILE_OPENED","file":"/streamlinecloud-mc/src/main/java/io/streamlinemc/mc/VelocitySCP.java","tags":{"FILE_LINE_OF_CODE":"196"}}
{"ts":1734804644906,"action":"PROJECT_OPENED","tags":{"PROJECT_NAME":"StreamlineMcCloud"}}
{"ts":1734804661156,"action":"IDE_DEACTIVATED"}
{"ts":1734804661156,"action":"IDE_ACTIVATED"}
{"ts":1734804666357,"action":"IDE_DEACTIVATED"}
{"ts":1734804730028,"action":"IDE_ACTIVATED"}
{"ts":1734804744458,"action":"IDE_DEACTIVATED"}
{"ts":1734804760817,"action":"IDE_ACTIVATED"}
{"ts":1734804776920,"action":"IDE_DEACTIVATED"}
{"ts":1734804779388,"action":"IDE_ACTIVATED"}
{"ts":1734804784665,"action":"IDE_DEACTIVATED"}
{"ts":1734804847437,"action":"IDE_ACTIVATED"}
{"ts":1734804862135,"action":"IDE_DEACTIVATED"}
{"ts":1734804865193,"action":"IDE_ACTIVATED"}
{"ts":1734804877463,"action":"IDE_DEACTIVATED"}
{"ts":1734804878457,"action":"IDE_ACTIVATED"}
{"ts":1734804883791,"action":"IDE_DEACTIVATED"}
{"ts":1734804887044,"action":"IDE_ACTIVATED"}
{"ts":1734804887218,"action":"IDE_DEACTIVATED"}
{"ts":1734804887219,"action":"IDE_ACTIVATED"}
{"ts":1734804888835,"action":"IDE_DEACTIVATED"}
{"ts":1734804888836,"action":"IDE_ACTIVATED"}
{"ts":1734804905096,"action":"IDE_DEACTIVATED"}
{"ts":1734804920316,"action":"IDE_ACTIVATED"}
{"ts":1734804922109,"action":"IDE_DEACTIVATED"}
{"ts":1734804922265,"action":"FILE_OPENED","file":"/streamlinecloud-mc/src/main/java/io/streamlinemc/mc/VelocitySCP.java","tags":{"FILE_LINE_OF_CODE":"196"}}
{"ts":1734804928068,"action":"IDE_ACTIVATED"}
{"ts":1734804946640,"action":"IDE_DEACTIVATED"}
{"ts":1734804988960,"action":"IDE_ACTIVATED"}
{"ts":1734804992277,"action":"IDE_DEACTIVATED"}
{"ts":1734804994323,"action":"IDE_ACTIVATED"}
{"ts":1734805023616,"action":"IDE_DEACTIVATED"}
{"ts":1734805044729,"action":"IDE_ACTIVATED"}
{"ts":1734805046490,"action":"IDE_DEACTIVATED"}
{"ts":1734805116186,"action":"IDE_ACTIVATED"}
{"ts":1734805122295,"action":"IDE_DEACTIVATED"}
{"ts":1734805127470,"action":"IDE_ACTIVATED"}
{"ts":1734805134801,"action":"IDE_DEACTIVATED"}
{"ts":1734805217111,"action":"IDE_ACTIVATED"}
{"ts":1734805225965,"action":"IDE_DEACTIVATED"}
{"ts":1734805353480,"action":"FILE_CLOSED","file":"/streamlinecloud-mc/src/main/java/io/streamlinemc/mc/VelocitySCP.java","tags":{"FILE_LINE_OF_CODE":"200"}}
{"ts":1734805353495,"action":"IDE_ACTIVATED"}
{"ts":1734805358269,"action":"IDE_DEACTIVATED"}
{"ts":1734805637337,"action":"IDE_ACTIVATED"}
{"ts":1734805644908,"action":"IDE_DEACTIVATED"}
{"ts":1734805644908,"action":"IDE_ACTIVATED"}
{"ts":1734805649051,"action":"IDE_DEACTIVATED"}
{"ts":1734805649051,"action":"IDE_ACTIVATED"}
{"ts":1734805651662,"action":"IDE_DEACTIVATED"}
{"ts":1734805685862,"action":"IDE_ACTIVATED"}
{"ts":1734805686978,"action":"IDE_DEACTIVATED"}
{"ts":1734805686978,"action":"IDE_ACTIVATED"}
{"ts":1734805688604,"action":"IDE_DEACTIVATED"}
{"ts":1734805691486,"action":"IDE_ACTIVATED"}
{"ts":1734805702506,"action":"IDE_DEACTIVATED"}
{"ts":1734805719300,"action":"IDE_ACTIVATED"}
{"ts":1734805727743,"action":"IDE_DEACTIVATED"}
{"ts":1734805730027,"action":"IDE_ACTIVATED"}
{"ts":1734805731934,"action":"IDE_DEACTIVATED"}
{"ts":1734808115880,"action":"IDE_ACTIVATED"}
{"ts":1734808127991,"action":"PROJECT_CLOSED","tags":{"PROJECT_NAME":"StreamlineMcCloud"}}
{"ts":1734887329479,"action":"IDE_DEACTIVATED"}
{"ts":1734887330793,"action":"FILE_OPENED","file":"/streamlinecloud-mc/src/main/java/io/streamlinemc/mc/VelocitySCP.java","tags":{"FILE_LINE_OF_CODE":"200"}}
{"ts":1734887330973,"action":"PROJECT_OPENED","tags":{"PROJECT_NAME":"StreamlineMcCloud"}}
{"ts":1734887440994,"action":"IDE_ACTIVATED"}
{"ts":1734887445789,"action":"IDE_DEACTIVATED"}
{"ts":1734887445789,"action":"IDE_ACTIVATED"}
{"ts":1734887446082,"action":"PROJECT_CLOSED","tags":{"PROJECT_NAME":"StreamlineMcCloud"}}
